<?xml version="1.0" encoding="UTF-8"?>
<testng-results skipped="0" failed="0" ignored="0" total="1" passed="1">
  <reporter-output>
  </reporter-output>
  <suite name="Default suite" duration-ms="24112" started-at="2020-12-09T12:51:11Z" finished-at="2020-12-09T12:51:36Z">
    <groups>
    </groups>
    <test name="Default test" duration-ms="24112" started-at="2020-12-09T12:51:11Z" finished-at="2020-12-09T12:51:36Z">
      <class name="pk_mercury_tours.UploadFile_RobotClass">
        <test-method status="PASS" signature="setUp()[pri:0, instance:pk_mercury_tours.UploadFile_RobotClass@2f686d1f]" name="setUp" is-config="true" duration-ms="8140" started-at="2020-12-09T18:21:11Z" finished-at="2020-12-09T18:21:20Z">
          <reporter-output>
          </reporter-output>
        </test-method> <!-- setUp -->
        <test-method status="PASS" signature="testUpload()[pri:0, instance:pk_mercury_tours.UploadFile_RobotClass@2f686d1f]" name="testUpload" duration-ms="13326" started-at="2020-12-09T18:21:20Z" finished-at="2020-12-09T18:21:33Z">
          <reporter-output>
          </reporter-output>
        </test-method> <!-- testUpload -->
        <test-method status="PASS" signature="tearDown()[pri:0, instance:pk_mercury_tours.UploadFile_RobotClass@2f686d1f]" name="tearDown" is-config="true" duration-ms="2622" started-at="2020-12-09T18:21:33Z" finished-at="2020-12-09T18:21:36Z">
          <reporter-output>
          </reporter-output>
        </test-method> <!-- tearDown -->
      </class> <!-- pk_mercury_tours.UploadFile_RobotClass -->
    </test> <!-- Default test -->
  </suite> <!-- Default suite -->
</testng-results>
